生成启动时间为 2019/5/12 14:08:54。
     1>项目“F:\jiuxing\代码\服务端\游戏组件\捕鱼\游戏服务器\GameServerLKPY.vcxproj”在节点 6 上(Build 个目标)。
     1>C:\Program Files (x86)\MSBuild\Microsoft.Cpp\v4.0\V120\Microsoft.CppBuild.targets(1193,5): warning MSB8012: TargetPath(F:\jiuxing\代码\服务端\游戏组件\捕鱼\游戏服务器\Release_Unicode\游戏服务器.dll) does not match the Linker's OutputFile property value (F:\jiuxing\代码\服务端\运行\Release\Unicode\xjcby_server.dll). This may cause your project to build incorrectly. To correct this, please make sure that $(OutDir), $(TargetName) and $(TargetExt) property values match the value specified in %(Link.OutputFile).
     1>C:\Program Files (x86)\MSBuild\Microsoft.Cpp\v4.0\V120\Microsoft.CppBuild.targets(1195,5): warning MSB8012: TargetName(游戏服务器) does not match the Linker's OutputFile property value (xjcby_server). This may cause your project to build incorrectly. To correct this, please make sure that $(OutDir), $(TargetName) and $(TargetExt) property values match the value specified in %(Link.OutputFile).
     1>Link:
         C:\Program Files (x86)\Microsoft Visual Studio 12.0\VC\bin\link.exe /ERRORREPORT:PROMPT /OUT:"../../../运行/Release/Unicode/xjcby_server.dll" /INCREMENTAL:NO /NOLOGO winmm.lib /DEF:".\GameServer.def" /MANIFEST:NO /DEBUG /PDB:"../../../运行/Release/Unicode/xjcby_server.pdb" /SUBSYSTEM:WINDOWS /OPT:REF /OPT:ICF /TLBID:1 /DYNAMICBASE /NXCOMPAT /IMPLIB:"Release_Unicode\GameServer.lib" /MACHINE:X86 /SAFESEH /DLL Release_Unicode\GameServer.res
         Release_Unicode\AndroidUserItemSink.obj
         Release_Unicode\GameServer.obj
         Release_Unicode\GameServiceManager.obj
         Release_Unicode\game_config.obj
         Release_Unicode\MiniDumper.obj
         Release_Unicode\pugixml.obj
         Release_Unicode\stdafx.obj
         Release_Unicode\TableFrameSink.obj
            正在创建库 Release_Unicode\GameServer.lib 和对象 Release_Unicode\GameServer.exp
     1>GameServer.exp : warning LNK4070: .EXP 中的 /OUT:fish_server.dll 指令与输出文件名“../../../运行/Release/Unicode/xjcby_server.dll”不同；忽略指令
         GameServerLKPY.vcxproj -> F:\jiuxing\代码\服务端\游戏组件\捕鱼\游戏服务器\Release_Unicode\游戏服务器.dll
     1>已完成生成项目“F:\jiuxing\代码\服务端\游戏组件\捕鱼\游戏服务器\GameServerLKPY.vcxproj”(Build 个目标)的操作。

生成成功。

已用时间 00:00:01.08
