f:\jiuxing\代码\服务端\游戏组件\捕鱼\游戏服务器\release_unicode\游戏服务器.pch
f:\jiuxing\代码\服务端\游戏组件\捕鱼\游戏服务器\release_unicode\vc120.pdb
f:\jiuxing\代码\服务端\游戏组件\捕鱼\游戏服务器\release_unicode\stdafx.obj
f:\jiuxing\代码\服务端\游戏组件\捕鱼\游戏服务器\release_unicode\tableframesink.obj
f:\jiuxing\代码\服务端\游戏组件\捕鱼\游戏服务器\release_unicode\minidumper.obj
f:\jiuxing\代码\服务端\游戏组件\捕鱼\游戏服务器\release_unicode\game_config.obj
f:\jiuxing\代码\服务端\游戏组件\捕鱼\游戏服务器\release_unicode\gameservicemanager.obj
f:\jiuxing\代码\服务端\游戏组件\捕鱼\游戏服务器\release_unicode\gameserver.obj
f:\jiuxing\代码\服务端\游戏组件\捕鱼\游戏服务器\release_unicode\androiduseritemsink.obj
f:\jiuxing\代码\服务端\游戏组件\捕鱼\游戏服务器\release_unicode\pugixml.obj
f:\jiuxing\代码\服务端\运行\release\unicode\xjcby_server.dll
f:\jiuxing\代码\服务端\运行\release\unicode\xjcby_server.pdb
f:\jiuxing\代码\服务端\游戏组件\捕鱼\游戏服务器\release_unicode\gameserver.res
f:\jiuxing\代码\服务端\游戏组件\捕鱼\游戏服务器\release_unicode\gameserver.lib
f:\jiuxing\代码\服务端\游戏组件\捕鱼\游戏服务器\release_unicode\gameserver.exp
f:\jiuxing\代码\服务端\游戏组件\捕鱼\游戏服务器\release_unicode\msado15.tli
f:\jiuxing\代码\服务端\游戏组件\捕鱼\游戏服务器\release_unicode\msado15.tlh
f:\jiuxing\代码\服务端\游戏组件\捕鱼\游戏服务器\release_unicode\游戏服务器.tlog\cl.command.1.tlog
f:\jiuxing\代码\服务端\游戏组件\捕鱼\游戏服务器\release_unicode\游戏服务器.tlog\cl.read.1.tlog
f:\jiuxing\代码\服务端\游戏组件\捕鱼\游戏服务器\release_unicode\游戏服务器.tlog\cl.write.1.tlog
f:\jiuxing\代码\服务端\游戏组件\捕鱼\游戏服务器\release_unicode\游戏服务器.tlog\link.command.1.tlog
f:\jiuxing\代码\服务端\游戏组件\捕鱼\游戏服务器\release_unicode\游戏服务器.tlog\link.read.1.tlog
f:\jiuxing\代码\服务端\游戏组件\捕鱼\游戏服务器\release_unicode\游戏服务器.tlog\link.write.1.tlog
f:\jiuxing\代码\服务端\游戏组件\捕鱼\游戏服务器\release_unicode\游戏服务器.tlog\rc.command.1.tlog
f:\jiuxing\代码\服务端\游戏组件\捕鱼\游戏服务器\release_unicode\游戏服务器.tlog\rc.read.1.tlog
f:\jiuxing\代码\服务端\游戏组件\捕鱼\游戏服务器\release_unicode\游戏服务器.tlog\rc.write.1.tlog
f:\jiuxing\代码\服务端\游戏组件\捕鱼\游戏服务器\release_unicode\游戏服务器.tlog\游戏服务器.write.1u.tlog
