f:\jiuxing\代码\服务端\游戏组件\百人龙虎斗\游戏服务器\release_unicode\龙虎斗服务器.pch
f:\jiuxing\代码\服务端\游戏组件\百人龙虎斗\游戏服务器\release_unicode\vc120.pdb
f:\jiuxing\代码\服务端\游戏组件\百人龙虎斗\游戏服务器\release_unicode\stdafx.obj
f:\jiuxing\代码\服务端\游戏组件\百人龙虎斗\游戏服务器\release_unicode\tableframesink.obj
f:\jiuxing\代码\服务端\游戏组件\百人龙虎斗\游戏服务器\release_unicode\minidumper.obj
f:\jiuxing\代码\服务端\游戏组件\百人龙虎斗\游戏服务器\release_unicode\gameservermanager.obj
f:\jiuxing\代码\服务端\游戏组件\百人龙虎斗\游戏服务器\release_unicode\gameserver.obj
f:\jiuxing\代码\服务端\游戏组件\百人龙虎斗\游戏服务器\release_unicode\gamelogic.obj
f:\jiuxing\代码\服务端\游戏组件\百人龙虎斗\游戏服务器\release_unicode\dlgcustomrule.obj
f:\jiuxing\代码\服务端\游戏组件\百人龙虎斗\游戏服务器\release_unicode\androiduseritemsink.obj
f:\jiuxing\代码\服务端\游戏组件\百人龙虎斗\游戏服务器\release_unicode\gameserver.res
f:\jiuxing\代码\服务端\游戏组件\百人龙虎斗\游戏服务器\release_unicode\msado15.tli
f:\jiuxing\代码\服务端\游戏组件\百人龙虎斗\游戏服务器\release_unicode\msado15.tlh
f:\jiuxing\代码\服务端\游戏组件\百人龙虎斗\游戏服务器\release_unicode\龙虎斗服务器.tlog\cl.command.1.tlog
f:\jiuxing\代码\服务端\游戏组件\百人龙虎斗\游戏服务器\release_unicode\龙虎斗服务器.tlog\cl.read.1.tlog
f:\jiuxing\代码\服务端\游戏组件\百人龙虎斗\游戏服务器\release_unicode\龙虎斗服务器.tlog\cl.write.1.tlog
f:\jiuxing\代码\服务端\游戏组件\百人龙虎斗\游戏服务器\release_unicode\龙虎斗服务器.tlog\link.command.1.tlog
f:\jiuxing\代码\服务端\游戏组件\百人龙虎斗\游戏服务器\release_unicode\龙虎斗服务器.tlog\link.read.1.tlog
f:\jiuxing\代码\服务端\游戏组件\百人龙虎斗\游戏服务器\release_unicode\龙虎斗服务器.tlog\link.write.1.tlog
f:\jiuxing\代码\服务端\游戏组件\百人龙虎斗\游戏服务器\release_unicode\龙虎斗服务器.tlog\rc.command.1.tlog
f:\jiuxing\代码\服务端\游戏组件\百人龙虎斗\游戏服务器\release_unicode\龙虎斗服务器.tlog\rc.read.1.tlog
f:\jiuxing\代码\服务端\游戏组件\百人龙虎斗\游戏服务器\release_unicode\龙虎斗服务器.tlog\rc.write.1.tlog
