c:\users\administrator\desktop\游戏源码\百人推筒子\游戏服务器\release_unicode\游戏服务器.pch
c:\users\administrator\desktop\游戏源码\百人推筒子\游戏服务器\release_unicode\vc120.pdb
c:\users\administrator\desktop\游戏源码\百人推筒子\游戏服务器\release_unicode\androiduseritemsink.obj
c:\users\administrator\desktop\游戏源码\百人推筒子\游戏服务器\release_unicode\gamelogic.obj
c:\users\administrator\desktop\游戏源码\百人推筒子\游戏服务器\release_unicode\gameserver.obj
c:\users\administrator\desktop\游戏源码\百人推筒子\游戏服务器\release_unicode\gameservermanager.obj
c:\users\administrator\desktop\游戏源码\百人推筒子\游戏服务器\release_unicode\stdafx.obj
c:\users\administrator\desktop\游戏源码\百人推筒子\游戏服务器\release_unicode\tableframesink.obj
c:\users\administrator\desktop\运行\release\unicode\tuitongziserver.dll
c:\users\administrator\desktop\游戏源码\百人推筒子\游戏服务器\release_unicode\游戏服务器.pdb
c:\users\administrator\desktop\游戏源码\百人推筒子\游戏服务器\release_unicode\gameserver.res
c:\users\administrator\desktop\游戏源码\百人推筒子\游戏服务器\release_unicode\gameserver.lib
c:\users\administrator\desktop\游戏源码\百人推筒子\游戏服务器\release_unicode\gameserver.exp
c:\users\administrator\desktop\游戏源码\百人推筒子\游戏服务器\release_unicode\msado15.tli
c:\users\administrator\desktop\游戏源码\百人推筒子\游戏服务器\release_unicode\msado15.tlh
c:\users\administrator\desktop\游戏源码\百人推筒子\游戏服务器\release_unicode\游戏服务器.tlog\cl.command.1.tlog
c:\users\administrator\desktop\游戏源码\百人推筒子\游戏服务器\release_unicode\游戏服务器.tlog\cl.read.1.tlog
c:\users\administrator\desktop\游戏源码\百人推筒子\游戏服务器\release_unicode\游戏服务器.tlog\cl.write.1.tlog
c:\users\administrator\desktop\游戏源码\百人推筒子\游戏服务器\release_unicode\游戏服务器.tlog\link.command.1.tlog
c:\users\administrator\desktop\游戏源码\百人推筒子\游戏服务器\release_unicode\游戏服务器.tlog\link.read.1.tlog
c:\users\administrator\desktop\游戏源码\百人推筒子\游戏服务器\release_unicode\游戏服务器.tlog\link.write.1.tlog
c:\users\administrator\desktop\游戏源码\百人推筒子\游戏服务器\release_unicode\游戏服务器.tlog\rc.command.1.tlog
c:\users\administrator\desktop\游戏源码\百人推筒子\游戏服务器\release_unicode\游戏服务器.tlog\rc.read.1.tlog
c:\users\administrator\desktop\游戏源码\百人推筒子\游戏服务器\release_unicode\游戏服务器.tlog\rc.write.1.tlog
c:\users\administrator\desktop\游戏源码\百人推筒子\游戏服务器\release_unicode\游戏服务器.tlog\游戏服务器.write.1u.tlog
